<?xml version="1.0" encoding="UTF-8"?>
<testsuites name="jest tests" tests="33" failures="0" errors="0" time="16.646">
  <testsuite name="Should test session function" errors="0" failures="0" skipped="0" timestamp="2023-03-16T13:19:15" time="8.446" tests="4">
    <testcase classname="Should test session function Should request for session is already up" name="Should test session function Should request for session is already up" time="0.024">
    </testcase>
    <testcase classname="Should test session function Should exception for user not exists" name="Should test session function Should exception for user not exists" time="0.016">
    </testcase>
    <testcase classname="Should test session function Should request for session with roles valid type user exception" name="Should test session function Should request for session with roles valid type user exception" time="0.015">
    </testcase>
    <testcase classname="Should test session function Should request for session with roles valid type user" name="Should test session function Should request for session with roles valid type user" time="0.019">
    </testcase>
  </testsuite>
  <testsuite name="Users CRUD" errors="0" failures="0" skipped="0" timestamp="2023-03-16T13:19:23" time="0.98" tests="5">
    <testcase classname="Users CRUD should create users" name="Users CRUD should create users" time="0.229">
    </testcase>
    <testcase classname="Users CRUD should update fields user" name="Users CRUD should update fields user" time="0.007">
    </testcase>
    <testcase classname="Users CRUD should update fields user by id, username and email" name="Users CRUD should update fields user by id, username and email" time="0.015">
    </testcase>
    <testcase classname="Users CRUD should find one user" name="Users CRUD should find one user" time="0.004">
    </testcase>
    <testcase classname="Users CRUD should delete user" name="Users CRUD should delete user" time="0.016">
    </testcase>
  </testsuite>
  <testsuite name="Login routes" errors="0" failures="0" skipped="0" timestamp="2023-03-16T13:19:24" time="0.887" tests="1">
    <testcase classname="Login routes given the product does not exist success login" name="Login routes given the product does not exist success login" time="0.25">
    </testcase>
  </testsuite>
  <testsuite name="Jwt routes" errors="0" failures="0" skipped="4" timestamp="2023-03-16T13:19:25" time="1.658" tests="6">
    <testcase classname="Jwt routes Should tests for refresh token should generate access token" name="Jwt routes Should tests for refresh token should generate access token" time="0">
      <skipped/>
    </testcase>
    <testcase classname="Jwt routes Should tests for refresh token should refresh token check" name="Jwt routes Should tests for refresh token should refresh token check" time="0.003">
    </testcase>
    <testcase classname="Jwt routes Should tests for refresh token should generate access token and verify" name="Jwt routes Should tests for refresh token should generate access token and verify" time="0">
      <skipped/>
    </testcase>
    <testcase classname="Jwt routes Should tests for refresh token Try generate refresh token and verify" name="Jwt routes Should tests for refresh token Try generate refresh token and verify" time="0.001">
    </testcase>
    <testcase classname="Jwt routes Should tests for refresh token Try refresh token request" name="Jwt routes Should tests for refresh token Try refresh token request" time="0">
      <skipped/>
    </testcase>
    <testcase classname="Jwt routes Should tests for refresh token Try refresh token request" name="Jwt routes Should tests for refresh token Try refresh token request" time="0">
      <skipped/>
    </testcase>
  </testsuite>
  <testsuite name="healthcheck test" errors="0" failures="0" skipped="0" timestamp="2023-03-16T13:19:27" time="0.23" tests="1">
    <testcase classname="healthcheck test should test === true" name="healthcheck test should test === true" time="0.001">
    </testcase>
  </testsuite>
  <testsuite name="Jwt routes" errors="0" failures="0" skipped="4" timestamp="2023-03-16T13:19:27" time="1.064" tests="6">
    <testcase classname="Jwt routes Should tests for refresh token should generate access token" name="Jwt routes Should tests for refresh token should generate access token" time="0">
      <skipped/>
    </testcase>
    <testcase classname="Jwt routes Should tests for refresh token should refresh token check" name="Jwt routes Should tests for refresh token should refresh token check" time="0.007">
    </testcase>
    <testcase classname="Jwt routes Should tests for refresh token should generate access token and verify" name="Jwt routes Should tests for refresh token should generate access token and verify" time="0">
      <skipped/>
    </testcase>
    <testcase classname="Jwt routes Should tests for refresh token Try generate refresh token and verify" name="Jwt routes Should tests for refresh token Try generate refresh token and verify" time="0.002">
    </testcase>
    <testcase classname="Jwt routes Should tests for refresh token Try refresh token request" name="Jwt routes Should tests for refresh token Try refresh token request" time="0">
      <skipped/>
    </testcase>
    <testcase classname="Jwt routes Should tests for refresh token Try refresh token request" name="Jwt routes Should tests for refresh token Try refresh token request" time="0">
      <skipped/>
    </testcase>
  </testsuite>
  <testsuite name="Should test session function" errors="0" failures="0" skipped="0" timestamp="2023-03-16T13:19:28" time="0.811" tests="4">
    <testcase classname="Should test session function Should request for session is already up" name="Should test session function Should request for session is already up" time="0.016">
    </testcase>
    <testcase classname="Should test session function Should exception for user not exists" name="Should test session function Should exception for user not exists" time="0.013">
    </testcase>
    <testcase classname="Should test session function Should request for session with roles valid type user exception" name="Should test session function Should request for session with roles valid type user exception" time="0.019">
    </testcase>
    <testcase classname="Should test session function Should request for session with roles valid type user" name="Should test session function Should request for session with roles valid type user" time="0.016">
    </testcase>
  </testsuite>
  <testsuite name="Users CRUD" errors="0" failures="0" skipped="0" timestamp="2023-03-16T13:19:29" time="0.785" tests="4">
    <testcase classname="Users CRUD should create users" name="Users CRUD should create users" time="0.238">
    </testcase>
    <testcase classname="Users CRUD should update fields user" name="Users CRUD should update fields user" time="0.039">
    </testcase>
    <testcase classname="Users CRUD should find one user" name="Users CRUD should find one user" time="0.014">
    </testcase>
    <testcase classname="Users CRUD should delete user" name="Users CRUD should delete user" time="0.015">
    </testcase>
  </testsuite>
  <testsuite name="Login routes" errors="0" failures="0" skipped="0" timestamp="2023-03-16T13:19:30" time="1.017" tests="1">
    <testcase classname="Login routes given the product does not exist success login" name="Login routes given the product does not exist success login" time="0.527">
    </testcase>
  </testsuite>
  <testsuite name="healthcheck test" errors="0" failures="0" skipped="0" timestamp="2023-03-16T13:19:31" time="0.227" tests="1">
    <testcase classname="healthcheck test should test === true" name="healthcheck test should test === true" time="0.005">
    </testcase>
  </testsuite>
</testsuites>